<?xml version="1.0" encoding="utf-8" standalone="no"?>
<test-run id="0" runstate="Runnable" testcasecount="44" result="Failed" total="14" passed="11" failed="3" inconclusive="0" skipped="0" asserts="46" engine-version="3.11.1.0" clr-version="4.0.30319.42000" start-time="2020-08-18 18:30:37Z" end-time="2020-08-18 18:32:00Z" duration="83.210222">
  <command-line><![CDATA["C:\Users\wchipchase\Source\repos\jpa3\AutomationTests\packages\NUnit.ConsoleRunner.3.11.1\tools\nunit3-console.exe" C:\Users\wchipchase\Source\repos\JPA3\AutomationTests\AutomationTests\bin\Debug\AutomationTests.exe --where "cat == 'smoketest'"]]></command-line>
  <filter>
    <cat>smoketest</cat>
  </filter>
  <test-suite type="Assembly" id="0-1049" name="AutomationTests.exe" fullname="C:\Users\wchipchase\Source\repos\JPA3\AutomationTests\AutomationTests\bin\Debug\AutomationTests.exe" runstate="Runnable" testcasecount="44" result="Failed" site="Child" start-time="2020-08-18 18:30:37Z" end-time="2020-08-18 18:32:00Z" duration="82.822661" total="14" passed="11" failed="3" warnings="0" inconclusive="0" skipped="0" asserts="46">
    <environment framework-version="3.12.0.0" clr-version="4.0.30319.42000" os-version="Microsoft Windows NT 10.0.18363.0" platform="Win32NT" cwd="C:\Users\wchipchase\Source\repos\jpa3\AutomationTests\packages\NUnit.ConsoleRunner.3.11.1\tools" machine-name="LT-IS-WCHIPCHAS" user="wchipchase" user-domain="NSANET" culture="en-US" uiculture="en-US" os-architecture="x86" />
    <settings>
      <setting name="DisposeRunners" value="True" />
      <setting name="WorkDirectory" value="C:\Users\wchipchase\Source\repos\jpa3\AutomationTests\packages\NUnit.ConsoleRunner.3.11.1\tools" />
      <setting name="ImageRuntimeVersion" value="4.0.30319" />
      <setting name="ImageTargetFrameworkName" value=".NETFramework,Version=v4.5.2" />
      <setting name="ImageRequiresX86" value="True" />
      <setting name="RunAsX86" value="True" />
      <setting name="ImageRequiresDefaultAppDomainAssemblyResolver" value="False" />
      <setting name="RuntimeFramework" value="net-4.0" />
      <setting name="NumberOfTestWorkers" value="12" />
    </settings>
    <properties>
      <property name="_PID" value="28364" />
      <property name="_APPDOMAIN" value="domain-" />
    </properties>
    <failure>
      <message><![CDATA[One or more child tests had errors]]></message>
    </failure>
    <test-suite type="TestSuite" id="0-1050" name="AutomationTests" fullname="AutomationTests" runstate="Runnable" testcasecount="44" result="Failed" site="Child" start-time="2020-08-18 18:30:37Z" end-time="2020-08-18 18:32:00Z" duration="82.812716" total="14" passed="11" failed="3" warnings="0" inconclusive="0" skipped="0" asserts="46">
      <properties />
      <failure>
        <message><![CDATA[One or more child tests had errors]]></message>
      </failure>
      <test-suite type="TestFixture" id="0-1000" name="PartnerPortal" fullname="AutomationTests.PartnerPortal" classname="AutomationTests.PartnerPortal" runstate="Runnable" testcasecount="14" result="Failed" site="Child" start-time="2020-08-18 18:30:37Z" end-time="2020-08-18 18:32:00Z" duration="82.807532" total="14" passed="11" failed="3" warnings="0" inconclusive="0" skipped="0" asserts="46">
        <properties>
          <property name="ParallelScope" value="All" />
        </properties>
        <failure>
          <message><![CDATA[One or more child tests had errors]]></message>
        </failure>
        <test-case id="0-1011" name="ValdiateContactForm" fullname="AutomationTests.PartnerPortal.ValdiateContactForm" methodname="ValdiateContactForm" classname="AutomationTests.PartnerPortal" runstate="Runnable" seed="1687154669" result="Passed" start-time="2020-08-18 18:30:37Z" end-time="2020-08-18 18:31:07Z" duration="29.932034" asserts="1">
          <properties>
            <property name="Category" value="smoketest" />
            <property name="Category" value="alltest" />
          </properties>
        </test-case>
        <test-case id="0-1014" name="SharedCartJuicePlusOrder" fullname="AutomationTests.PartnerPortal.SharedCartJuicePlusOrder" methodname="SharedCartJuicePlusOrder" classname="AutomationTests.PartnerPortal" runstate="Runnable" seed="831976360" result="Failed" label="Error" start-time="2020-08-18 18:30:37Z" end-time="2020-08-18 18:31:15Z" duration="37.988660" asserts="1">
          <properties>
            <property name="Category" value="smoketest" />
            <property name="Category" value="alltest" />
          </properties>
          <failure>
            <message><![CDATA[System.Reflection.TargetInvocationException : Exception has been thrown by the target of an invocation.
  ----> OpenQA.Selenium.StaleElementReferenceException : stale element reference: element is not attached to the page document
  (Session info: chrome=84.0.4147.125)]]></message>
            <stack-trace><![CDATA[   at System.RuntimeMethodHandle.InvokeMethod(Object target, Object[] arguments, Signature sig, Boolean constructor)
   at System.Reflection.RuntimeMethodInfo.UnsafeInvokeInternal(Object obj, Object[] parameters, Object[] arguments)
   at System.Reflection.RuntimeMethodInfo.Invoke(Object obj, BindingFlags invokeAttr, Binder binder, Object[] parameters, CultureInfo culture)
   at OpenQA.Selenium.Support.PageObjects.WebDriverObjectProxy.InvokeMethod(IMethodCallMessage msg, Object representedValue)
   at OpenQA.Selenium.Support.PageObjects.WebElementProxy.Invoke(IMessage msg)
   at System.Runtime.Remoting.Proxies.RealProxy.PrivateInvoke(MessageData& msgData, Int32 type)
   at OpenQA.Selenium.IWebElement.Click()
   at AutomationTests.PageActions.PartnerPortal.ShopActions.NavigateToShop() in C:\Users\wchipchase\Source\repos\JPA3\AutomationTests\AutomationTests\PageActions\PartnerPortal\ShopActions.cs:line 33
   at AutomationTests.PartnerPortal.SharedCartJuicePlusOrder() in C:\Users\wchipchase\Source\repos\JPA3\AutomationTests\AutomationTests\Tests\PartnerPortal.cs:line 204
--StaleElementReferenceException
   at OpenQA.Selenium.Remote.RemoteWebDriver.UnpackAndThrowOnError(Response errorResponse)
   at OpenQA.Selenium.Remote.RemoteWebDriver.Execute(String driverCommandToExecute, Dictionary`2 parameters)
   at OpenQA.Selenium.Remote.RemoteWebElement.Execute(String commandToExecute, Dictionary`2 parameters)
   at OpenQA.Selenium.Remote.RemoteWebElement.Click()]]></stack-trace>
          </failure>
        </test-case>
        <test-case id="0-1001" name="ValidateDashboardCards" fullname="AutomationTests.PartnerPortal.ValidateDashboardCards" methodname="ValidateDashboardCards" classname="AutomationTests.PartnerPortal" runstate="Runnable" seed="544799562" result="Passed" start-time="2020-08-18 18:30:37Z" end-time="2020-08-18 18:31:17Z" duration="39.940018" asserts="4">
          <properties>
            <property name="Category" value="smoketest" />
            <property name="Category" value="alltest" />
          </properties>
        </test-case>
        <test-case id="0-1012" name="SwitchCountryInCart" fullname="AutomationTests.PartnerPortal.SwitchCountryInCart" methodname="SwitchCountryInCart" classname="AutomationTests.PartnerPortal" runstate="Runnable" seed="1782245612" result="Passed" start-time="2020-08-18 18:30:37Z" end-time="2020-08-18 18:31:19Z" duration="42.398254" asserts="3">
          <properties>
            <property name="Category" value="smoketest" />
            <property name="Category" value="alltest" />
          </properties>
          <output><![CDATA[OpenQA.Selenium.NoSuchElementException: Could not find element by: By.XPath: //a[@href='/gb/en']
   at OpenQA.Selenium.Support.PageObjects.DefaultElementLocator.LocateElement(IEnumerable`1 bys)
   at OpenQA.Selenium.Support.PageObjects.WebElementProxy.get_Element()
   at OpenQA.Selenium.Support.PageObjects.WebElementProxy.Invoke(IMessage msg)
   at System.Runtime.Remoting.Proxies.RealProxy.PrivateInvoke(MessageData& msgData, Int32 type)
   at OpenQA.Selenium.Internal.IWrapsElement.get_WrappedElement()
   at OpenQA.Selenium.Remote.RemoteWebDriver.ConvertObjectToJavaScriptObject(Object arg)
   at OpenQA.Selenium.Remote.RemoteWebDriver.ConvertArgumentsToJavaScriptObjects(Object[] args)
   at OpenQA.Selenium.Remote.RemoteWebDriver.ExecuteScriptCommand(String script, String commandName, Object[] args)
   at OpenQA.Selenium.Remote.RemoteWebDriver.ExecuteScript(String script, Object[] args)
   at AutomationTests.PageActions.staging.juiceplus.com.ie.en.NavigationsActions.NavigationActions.NavigateCountryClick() in C:\Users\wchipchase\Source\repos\JPA3\AutomationTests\AutomationTests\PageActions\staging.juiceplus.com.ie.en\NavigationsActions\NavigationActions.cs:line 418
]]></output>
        </test-case>
        <test-case id="0-1005" name="CustomerFilterValidation" fullname="AutomationTests.PartnerPortal.CustomerFilterValidation" methodname="CustomerFilterValidation" classname="AutomationTests.PartnerPortal" runstate="Runnable" seed="298669999" result="Passed" start-time="2020-08-18 18:30:37Z" end-time="2020-08-18 18:31:21Z" duration="44.462946" asserts="4">
          <properties>
            <property name="Category" value="smoketest" />
            <property name="Category" value="alltest" />
          </properties>
        </test-case>
        <test-case id="0-1013" name="SharedCartPortalOrders" fullname="AutomationTests.PartnerPortal.SharedCartPortalOrders" methodname="SharedCartPortalOrders" classname="AutomationTests.PartnerPortal" runstate="Runnable" seed="395890543" result="Passed" start-time="2020-08-18 18:30:37Z" end-time="2020-08-18 18:31:23Z" duration="46.433647" asserts="3">
          <properties>
            <property name="Category" value="smoketest" />
            <property name="Category" value="alltest" />
          </properties>
        </test-case>
        <test-case id="0-1002" name="TeamFilterValidation" fullname="AutomationTests.PartnerPortal.TeamFilterValidation" methodname="TeamFilterValidation" classname="AutomationTests.PartnerPortal" runstate="Runnable" seed="1829135981" result="Passed" start-time="2020-08-18 18:30:37Z" end-time="2020-08-18 18:31:31Z" duration="53.876923" asserts="1">
          <properties>
            <property name="Category" value="smoketest" />
            <property name="Category" value="alltest" />
          </properties>
        </test-case>
        <test-case id="0-1010" name="AddAMemberPartnerPortalDifferentSponsor" fullname="AutomationTests.PartnerPortal.AddAMemberPartnerPortalDifferentSponsor" methodname="AddAMemberPartnerPortalDifferentSponsor" classname="AutomationTests.PartnerPortal" runstate="Runnable" seed="1281940656" result="Failed" label="Error" start-time="2020-08-18 18:30:37Z" end-time="2020-08-18 18:31:38Z" duration="60.739552" asserts="1">
          <properties>
            <property name="Category" value="smoketest" />
            <property name="Category" value="alltest" />
          </properties>
          <failure>
            <message><![CDATA[System.Reflection.TargetInvocationException : Exception has been thrown by the target of an invocation.
  ----> OpenQA.Selenium.ElementNotInteractableException : element not interactable
  (Session info: chrome=84.0.4147.125)]]></message>
            <stack-trace><![CDATA[   at System.RuntimeMethodHandle.InvokeMethod(Object target, Object[] arguments, Signature sig, Boolean constructor)
   at System.Reflection.RuntimeMethodInfo.UnsafeInvokeInternal(Object obj, Object[] parameters, Object[] arguments)
   at System.Reflection.RuntimeMethodInfo.Invoke(Object obj, BindingFlags invokeAttr, Binder binder, Object[] parameters, CultureInfo culture)
   at OpenQA.Selenium.Support.PageObjects.WebDriverObjectProxy.InvokeMethod(IMethodCallMessage msg, Object representedValue)
   at OpenQA.Selenium.Support.PageObjects.WebElementProxy.Invoke(IMessage msg)
   at System.Runtime.Remoting.Proxies.RealProxy.PrivateInvoke(MessageData& msgData, Int32 type)
   at OpenQA.Selenium.IWebElement.Click()
   at AutomationTests.PageActions.PartnerPortal.TeamActions.FillOutContactFormAndSubmitApplicationOtherSponsor() in C:\Users\wchipchase\Source\repos\JPA3\AutomationTests\AutomationTests\PageActions\PartnerPortal\TeamActions.cs:line 112
   at AutomationTests.PartnerPortal.AddAMemberPartnerPortalDifferentSponsor() in C:\Users\wchipchase\Source\repos\JPA3\AutomationTests\AutomationTests\Tests\PartnerPortal.cs:line 163
--ElementNotInteractableException
   at OpenQA.Selenium.Remote.RemoteWebDriver.UnpackAndThrowOnError(Response errorResponse)
   at OpenQA.Selenium.Remote.RemoteWebDriver.Execute(String driverCommandToExecute, Dictionary`2 parameters)
   at OpenQA.Selenium.Remote.RemoteWebElement.Execute(String commandToExecute, Dictionary`2 parameters)
   at OpenQA.Selenium.Remote.RemoteWebElement.Click()]]></stack-trace>
          </failure>
        </test-case>
        <test-case id="0-1006" name="PurchaseProductsWithInvalidCC" fullname="AutomationTests.PartnerPortal.PurchaseProductsWithInvalidCC" methodname="PurchaseProductsWithInvalidCC" classname="AutomationTests.PartnerPortal" runstate="Runnable" seed="1017986044" result="Passed" start-time="2020-08-18 18:30:37Z" end-time="2020-08-18 18:31:41Z" duration="63.805060" asserts="8">
          <properties>
            <property name="Category" value="smoketest" />
            <property name="Category" value="alltest" />
          </properties>
        </test-case>
        <test-case id="0-1004" name="ValidateDownloadCSV" fullname="AutomationTests.PartnerPortal.ValidateDownloadCSV" methodname="ValidateDownloadCSV" classname="AutomationTests.PartnerPortal" runstate="Runnable" seed="1601011426" result="Passed" start-time="2020-08-18 18:31:07Z" end-time="2020-08-18 18:31:42Z" duration="35.057945" asserts="1">
          <properties>
            <property name="Category" value="smoketest" />
            <property name="Category" value="alltest" />
          </properties>
        </test-case>
        <test-case id="0-1003" name="ValidatingFirstAndLastNameFilters" fullname="AutomationTests.PartnerPortal.ValidatingFirstAndLastNameFilters" methodname="ValidatingFirstAndLastNameFilters" classname="AutomationTests.PartnerPortal" runstate="Runnable" seed="791615008" result="Passed" start-time="2020-08-18 18:31:15Z" end-time="2020-08-18 18:31:44Z" duration="28.875532" asserts="1">
          <properties>
            <property name="Category" value="smoketest" />
            <property name="Category" value="alltest" />
          </properties>
        </test-case>
        <test-case id="0-1007" name="AddAMemberPartnerPortal" fullname="AutomationTests.PartnerPortal.AddAMemberPartnerPortal" methodname="AddAMemberPartnerPortal" classname="AutomationTests.PartnerPortal" runstate="Runnable" seed="1621428707" result="Passed" start-time="2020-08-18 18:30:37Z" end-time="2020-08-18 18:31:44Z" duration="67.221579" asserts="1">
          <properties>
            <property name="Category" value="smoketest" />
            <property name="Category" value="alltest" />
          </properties>
        </test-case>
        <test-case id="0-1009" name="GuestCheckoutPremiumCapsulesVisa" fullname="AutomationTests.PartnerPortal.GuestCheckoutPremiumCapsulesVisa" methodname="GuestCheckoutPremiumCapsulesVisa" classname="AutomationTests.PartnerPortal" runstate="Runnable" seed="1179232994" result="Failed" label="Error" start-time="2020-08-18 18:30:37Z" end-time="2020-08-18 18:31:46Z" duration="69.296032" asserts="9">
          <properties>
            <property name="Category" value="smoketest" />
            <property name="Category" value="alltest" />
          </properties>
          <failure>
            <message><![CDATA[System.Reflection.TargetInvocationException : Exception has been thrown by the target of an invocation.
  ----> OpenQA.Selenium.ElementClickInterceptedException : element click intercepted: Element <span class="a-button__inner">...</span> is not clickable at point (1626, 92). Other element would receive the click: <nav class="o-checkout__stepper-nav js-o-checkout__stepper-nav m-stepper__nav o-checkout__stepper-nav--is-sticky">...</nav>
  (Session info: chrome=84.0.4147.125)]]></message>
            <stack-trace><![CDATA[   at System.RuntimeMethodHandle.InvokeMethod(Object target, Object[] arguments, Signature sig, Boolean constructor)
   at System.Reflection.RuntimeMethodInfo.UnsafeInvokeInternal(Object obj, Object[] parameters, Object[] arguments)
   at System.Reflection.RuntimeMethodInfo.Invoke(Object obj, BindingFlags invokeAttr, Binder binder, Object[] parameters, CultureInfo culture)
   at OpenQA.Selenium.Support.PageObjects.WebDriverObjectProxy.InvokeMethod(IMethodCallMessage msg, Object representedValue)
   at OpenQA.Selenium.Support.PageObjects.WebElementProxy.Invoke(IMessage msg)
   at System.Runtime.Remoting.Proxies.RealProxy.PrivateInvoke(MessageData& msgData, Int32 type)
   at OpenQA.Selenium.IWebElement.Click()
   at AutomationTests.PageActions.staging.juiceplus.com.ie.en.CartCheckoutActions.CartActions.CheckoutWithCartItemsVisa() in C:\Users\wchipchase\Source\repos\JPA3\AutomationTests\AutomationTests\PageActions\staging.juiceplus.com.ie.en\CartCheckoutActions\CartActions.cs:line 97
   at AutomationTests.PartnerPortal.GuestCheckoutPremiumCapsulesVisa() in C:\Users\wchipchase\Source\repos\JPA3\AutomationTests\AutomationTests\Tests\PartnerPortal.cs:line 152
--ElementClickInterceptedException
   at OpenQA.Selenium.Remote.RemoteWebDriver.UnpackAndThrowOnError(Response errorResponse)
   at OpenQA.Selenium.Remote.RemoteWebDriver.Execute(String driverCommandToExecute, Dictionary`2 parameters)
   at OpenQA.Selenium.Remote.RemoteWebElement.Execute(String commandToExecute, Dictionary`2 parameters)
   at OpenQA.Selenium.Remote.RemoteWebElement.Click()]]></stack-trace>
          </failure>
          <output><![CDATA[1
]]></output>
        </test-case>
        <test-case id="0-1008" name="PurchaseProductsASLoggedInAssociate" fullname="AutomationTests.PartnerPortal.PurchaseProductsASLoggedInAssociate" methodname="PurchaseProductsASLoggedInAssociate" classname="AutomationTests.PartnerPortal" runstate="Runnable" seed="235524491" result="Passed" start-time="2020-08-18 18:30:37Z" end-time="2020-08-18 18:32:00Z" duration="82.799744" asserts="8">
          <properties>
            <property name="Category" value="smoketest" />
            <property name="Category" value="alltest" />
          </properties>
        </test-case>
      </test-suite>
    </test-suite>
  </test-suite>
</test-run>